Molecule title: 7GEF
HOH 710   A 2   and HOH 710   B 2   are overlapping. Overlap: 18.36, Tanimoto: 0.88
    Water overlap is near complete, marking HOH 710   B 2   for deletion
    Deleted  O   : HOH 710   B 2  
    Setting the occupancy on matching water to 1.0  O   : HOH 710   A 2  
DPI: 0.05, RFree: 0.19, Resolution: 1.18
Processing BU # 1 with title: 7GEF, chains AB, alt: A
Found unresolved C-terminal with 2 residues after THR 304   A 1  , with sequence FQ
Warning: There was a problem building some missing pieces, built as much as was possible
Processing BU # 2 with title: 7GEF, chains AB, alt: B
Found unresolved C-terminal with 2 residues after THR 304   A 1  , with sequence FQ
Warning: There was a problem building some missing pieces, built as much as was possible
DU: 7GEF(AB)altA > NJE(A-403), Iridium Category: NA, LaD: 0.00, ASaD: 0.00, DPI: 0.05, POL: false, POAS: true, AltConfs: false, PackRes: false, Excp: false, IrrRFree: false, PossCov: false
DU: 7GEF(AB)altA > NJE(B-403), Iridium Category: NA, LaD: 0.00, ASaD: 0.00, DPI: 0.05, POL: false, POAS: false, AltConfs: false, PackRes: false, Excp: false, IrrRFree: false, PossCov: false
DU: 7GEF(AB)altB > NJE(A-403), Iridium Category: NA, LaD: 0.00, ASaD: 0.00, DPI: 0.05, POL: false, POAS: true, AltConfs: false, PackRes: false, Excp: false, IrrRFree: false, PossCov: false
DU: 7GEF(AB)altB > NJE(B-403), Iridium Category: NA, LaD: 0.00, ASaD: 0.00, DPI: 0.05, POL: false, POAS: false, AltConfs: false, PackRes: false, Excp: false, IrrRFree: false, PossCov: false
Skipping redundant DU with alts outside the site of interest, renaming existing to collapse alts
Discarding redundant alt DU with title 7GEF(AB)altB > NJE(A-403)
Skipping redundant DU with alts outside the site of interest, renaming existing to collapse alts
Discarding redundant alt DU with title 7GEF(AB)altB > NJE(B-403)
Superposition - RMSD: 0.00, Ref: AB, Fit: BA, SeqScore: 3106
Wrote 7GEF(AB) > NJE(B-403) to 7GEF_AB__DU__NJE_B-403.oedu
Wrote 7GEF(AB) > NJE(A-403) to 7GEF_AB__DU__NJE_A-403.oedu
Done making OEDesignUnits for 7GEF
